[INFO] Scanning for projects...
[INFO] 
[INFO] ----------------< com.smartCity.Web:MySmartCitySubash >-----------------
[INFO] Building MySmartCitySubash 0.0.1-SNAPSHOT
[INFO]   from pom.xml
[INFO] --------------------------------[ jar ]---------------------------------
[INFO] 
[INFO] >>> spring-boot:3.3.2:run (default-cli) > test-compile @ MySmartCitySubash >>>
[INFO] 
[INFO] --- resources:3.3.1:resources (default-resources) @ MySmartCitySubash ---
[INFO] Copying 1 resource from src\main\resources to target\classes
[INFO] Copying 34 resources from src\main\resources to target\classes
[INFO] 
[INFO] --- compiler:3.13.0:compile (default-compile) @ MySmartCitySubash ---
[INFO] Nothing to compile - all classes are up to date.
[INFO] 
[INFO] --- resources:3.3.1:testResources (default-testResources) @ MySmartCitySubash ---
[INFO] skip non existing resourceDirectory D:\ENGINEERING\8th-Sem\AJP\FinalProject-for-Engineering\src\test\resources
[INFO] 
[INFO] --- compiler:3.13.0:testCompile (default-testCompile) @ MySmartCitySubash ---
[INFO] No sources to compile
[INFO] 
[INFO] <<< spring-boot:3.3.2:run (default-cli) < test-compile @ MySmartCitySubash <<<
[INFO] 
[INFO] 
[INFO] --- spring-boot:3.3.2:run (default-cli) @ MySmartCitySubash ---
[INFO] Attaching agents: []
